<?xml version="1.0" encoding="UTF-8"?>
<testsuite xmlns:xsi="http://www.w3.org/2001/XMLSchema-instance" xsi:noNamespaceSchemaLocation="https://maven.apache.org/surefire/maven-surefire-plugin/xsd/surefire-test-report.xsd" name="TestSuite" time="3.562" tests="2" errors="0" skipped="0" failures="2">
  <properties>
[...]
</properties>
  <testcase name="testGetWeatherData" classname="com.pilvo.automation.OpenWeatherTest" time="2.265">
    <failure message="expected [200] but found [401]" type="java.lang.AssertionError">java.lang.AssertionError: expected [200] but found [401]
	at com.pilvo.automation.OpenWeatherTest.testGetWeatherData(OpenWeatherTest.java:16)
</failure>
    <system-out><![CDATA[Weather Data: {"cod":401, "message": "Invalid API key. Please see https://openweathermap.org/faq#error401 for more info."}
]]></system-out>
    <system-err><![CDATA[SLF4J: Failed to load class "org.slf4j.impl.StaticLoggerBinder".
SLF4J: Defaulting to no-operation (NOP) logger implementation
SLF4J: See http://www.slf4j.org/codes.html#StaticLoggerBinder for further details.
]]></system-err>
  </testcase>
  <testcase name="testSendSMS" classname="com.pilvo.automation.plivoTest" time="0.937">
    <failure message="expected [200] but found [401]" type="java.lang.AssertionError">java.lang.AssertionError: expected [200] but found [401]
	at com.pilvo.automation.plivoTest.testSendSMS(plivoTest.java:18)
</failure>
    <system-out><![CDATA[Response: Could not verify your access level for that URL.
You have to login with proper credentials
]]></system-out>
  </testcase>
</testsuite>